[2022-10-31T20:59:46.504] [INFO] clockwiseLog - Server listening on 3001
[2022-10-31T21:00:17.226] [INFO] clockwiseLog - 86 3 13 2022-11-02T18:00:00.000Z peter@gmail.com Petr
[2022-10-31T21:02:28.267] [INFO] clockwiseLog - Server listening on 3001
[2022-10-31T21:02:47.497] [INFO] clockwiseLog - Server listening on 3001
[2022-10-31T21:06:11.122] [INFO] clockwiseLog - Server listening on 3001
[2022-10-31T21:06:13.825] [INFO] clockwiseLog - Server listening on 3001
[2022-10-31T21:06:15.345] [INFO] clockwiseLog - Server listening on 3001
[2022-10-31T21:06:22.362] [INFO] clockwiseLog - Server listening on 3001
[2022-10-31T21:06:23.469] [INFO] clockwiseLog - Server listening on 3001
[2022-10-31T21:06:30.277] [INFO] clockwiseLog - Server listening on 3001
[2022-10-31T21:06:32.985] [INFO] clockwiseLog - Server listening on 3001
[2022-10-31T21:06:34.521] [INFO] clockwiseLog - Server listening on 3001
[2022-10-31T21:06:38.162] [INFO] clockwiseLog - Server listening on 3001
[2022-10-31T21:06:51.019] [INFO] clockwiseLog - 4 3 13 2022-11-02T18:00:00.000Z peter@gmail.com Petr
[2022-10-31T21:07:36.727] [INFO] clockwiseLog - Server listening on 3001
[2022-10-31T21:08:01.138] [INFO] clockwiseLog - Server listening on 3001
[2022-10-31T21:08:10.616] [INFO] clockwiseLog - Server listening on 3001
[2022-10-31T21:08:12.440] [INFO] clockwiseLog - Server listening on 3001
[2022-10-31T21:08:16.716] [INFO] clockwiseLog - Server listening on 3001
[2022-10-31T21:08:25.647] [INFO] clockwiseLog - 6 3 13 2022-11-02T18:00:00.000Z peter@gmail.com Petr
[2022-10-31T21:08:25.647] [INFO] clockwiseLog - 6 3 13 2022-11-02T18:00:00.000Z peter@gmail.com Petr Service
[2022-10-31T21:08:53.872] [INFO] clockwiseLog - Server listening on 3001
[2022-10-31T21:08:55.477] [INFO] clockwiseLog - Server listening on 3001
[2022-10-31T21:09:01.880] [INFO] clockwiseLog - Server listening on 3001
[2022-10-31T21:09:03.133] [INFO] clockwiseLog - Server listening on 3001
[2022-10-31T21:09:13.459] [INFO] clockwiseLog - Server listening on 3001
[2022-10-31T21:09:27.005] [INFO] clockwiseLog - 4 3 13 2022-11-02T18:00:00.000Z peter@gmail.com Petr
[2022-10-31T21:09:48.877] [INFO] clockwiseLog - Server listening on 3001
[2022-10-31T21:09:51.550] [INFO] clockwiseLog - Server listening on 3001
[2022-10-31T21:09:54.569] [INFO] clockwiseLog - Server listening on 3001
[2022-10-31T21:09:55.825] [INFO] clockwiseLog - Server listening on 3001
[2022-10-31T21:10:04.082] [INFO] clockwiseLog - Server listening on 3001
[2022-10-31T21:10:06.577] [INFO] clockwiseLog - Server listening on 3001
[2022-10-31T21:10:12.073] [INFO] clockwiseLog - 6 3 13 2022-11-02T18:00:00.000Z peter@gmail.com Petr
[2022-10-31T21:10:12.109] [INFO] clockwiseLog - false
[2022-10-31T21:10:52.258] [INFO] clockwiseLog - Server listening on 3001
[2022-10-31T21:10:53.754] [INFO] clockwiseLog - Server listening on 3001
[2022-10-31T21:10:59.052] [INFO] clockwiseLog - 4 3 13 2022-11-02T18:00:00.000Z peter@gmail.com Petr
[2022-10-31T21:10:59.084] [INFO] clockwiseLog - [
  Master { id: 4, name: 'Michael', rating: 2, cityList: undefined },
  Master { id: 5, name: 'Alex', rating: 3, cityList: undefined },
  Master { id: 6, name: 'Peter', rating: 3, cityList: undefined },
  Master { id: 86, name: 'Fred', rating: 3, cityList: undefined }
] false
[2022-10-31T21:12:37.404] [INFO] clockwiseLog - Server listening on 3001
[2022-10-31T21:12:42.869] [INFO] clockwiseLog - 5 3 13 2022-11-02T18:00:00.000Z peter@gmail.com Petr
[2022-10-31T21:12:42.900] [INFO] clockwiseLog - 0
[2022-10-31T21:13:24.054] [INFO] clockwiseLog - Server listening on 3001
[2022-10-31T21:13:26.411] [INFO] clockwiseLog - Server listening on 3001
[2022-10-31T21:13:43.157] [INFO] clockwiseLog - Server listening on 3001
[2022-10-31T21:13:50.622] [INFO] clockwiseLog - Server listening on 3001
[2022-10-31T21:13:59.718] [INFO] clockwiseLog - Server listening on 3001
[2022-10-31T21:14:05.426] [INFO] clockwiseLog - 6 3 13 2022-11-02T18:00:00.000Z peter@gmail.com Petr
[2022-10-31T21:14:05.459] [INFO] clockwiseLog - 1
[2022-10-31T21:14:28.474] [INFO] clockwiseLog - Server listening on 3001
[2022-10-31T21:14:35.985] [INFO] clockwiseLog - Server listening on 3001
[2022-10-31T21:14:38.865] [INFO] clockwiseLog - Server listening on 3001
[2022-10-31T21:14:46.615] [INFO] clockwiseLog - 4 3 13 2022-11-02T18:00:00.000Z peter@gmail.com Petr
[2022-10-31T21:14:46.649] [INFO] clockwiseLog - 4 3 13 2022-11-02T18:00:00.000Z peter@gmail.com Petr PostgresInterval { hours: 1 } Service
[2022-10-31T21:16:22.333] [INFO] clockwiseLog - Server listening on 3001
[2022-10-31T21:16:24.130] [INFO] clockwiseLog - Server listening on 3001
[2022-10-31T21:16:28.782] [INFO] clockwiseLog - Server listening on 3001
[2022-10-31T21:16:32.804] [INFO] clockwiseLog - Server listening on 3001
[2022-10-31T21:16:38.781] [INFO] clockwiseLog - Server listening on 3001
[2022-10-31T21:16:42.108] [INFO] clockwiseLog - Server listening on 3001
[2022-10-31T21:16:48.643] [INFO] clockwiseLog - Server listening on 3001
[2022-10-31T21:17:14.022] [INFO] clockwiseLog - Server listening on 3001
[2022-10-31T21:17:22.088] [INFO] clockwiseLog - 86 3 13 2022-11-02T18:00:00.000Z peter@gmail.com Petr
[2022-10-31T21:17:22.132] [INFO] clockwiseLog - 86 3 13 2022-11-02T18:00:00.000Z peter@gmail.com Petr PostgresInterval { hours: 1 } Service
[2022-10-31T21:18:05.550] [INFO] clockwiseLog - Server listening on 3001
[2022-10-31T21:18:50.897] [INFO] clockwiseLog - Server listening on 3001
[2022-10-31T21:19:16.765] [INFO] clockwiseLog - Server listening on 3001
[2022-10-31T21:19:18.182] [INFO] clockwiseLog - Server listening on 3001
[2022-10-31T21:19:20.194] [INFO] clockwiseLog - Server listening on 3001
[2022-10-31T21:19:23.977] [INFO] clockwiseLog - Server listening on 3001
[2022-10-31T21:19:32.037] [INFO] clockwiseLog - Server listening on 3001
[2022-10-31T21:19:36.783] [INFO] clockwiseLog - Server listening on 3001
[2022-10-31T21:19:41.256] [INFO] clockwiseLog - Server listening on 3001
[2022-10-31T21:19:49.021] [INFO] clockwiseLog - Server listening on 3001
[2022-10-31T21:19:51.164] [INFO] clockwiseLog - Server listening on 3001
[2022-10-31T21:19:55.101] [INFO] clockwiseLog - Server listening on 3001
[2022-10-31T21:20:50.297] [INFO] clockwiseLog - Server listening on 3001
[2022-10-31T21:20:52.222] [INFO] clockwiseLog - Server listening on 3001
[2022-10-31T21:20:54.407] [INFO] clockwiseLog - Server listening on 3001
[2022-10-31T21:21:09.914] [INFO] clockwiseLog - Server listening on 3001
[2022-10-31T21:21:14.393] [INFO] clockwiseLog - Server listening on 3001
[2022-10-31T21:21:17.524] [INFO] clockwiseLog - Server listening on 3001
[2022-10-31T21:21:18.848] [INFO] clockwiseLog - Server listening on 3001
[2022-10-31T21:21:20.485] [INFO] clockwiseLog - Server listening on 3001
[2022-10-31T21:21:37.250] [INFO] clockwiseLog - Server listening on 3001
[2022-10-31T21:21:41.362] [INFO] clockwiseLog - Server listening on 3001
[2022-10-31T21:21:44.797] [INFO] clockwiseLog - Server listening on 3001
[2022-10-31T21:21:49.128] [INFO] clockwiseLog - Server listening on 3001
[2022-10-31T21:21:54.983] [INFO] clockwiseLog - 4 3 13 2022-11-02T18:00:00.000Z peter@gmail.com Petr PostgresInterval { hours: 1 } Service
[2022-10-31T21:22:20.758] [INFO] clockwiseLog - Server listening on 3001
[2022-10-31T21:23:55.977] [INFO] clockwiseLog - Server listening on 3001
[2022-10-31T21:23:59.905] [INFO] clockwiseLog - 86 3 13 2022-11-02T18:00:00.000Z peter@gmail.com Petr PostgresInterval { hours: 1 } Service
[2022-10-31T21:23:59.905] [INFO] clockwiseLog - test
[2022-10-31T21:23:59.905] [INFO] clockwiseLog - 86 3 13 2022-11-02T18:00:00.000Z peter@gmail.com Petr PostgresInterval { hours: 1 } DAL layer
[2022-10-31T21:23:59.915] [ERROR] clockwiseLog - createOrder failed with reason: Key (email)=(peter@gmail.com) is not present in table "users".
[2022-10-31T21:24:57.173] [INFO] clockwiseLog - Server listening on 3001
[2022-10-31T21:25:09.267] [INFO] clockwiseLog - 4 3 13 2022-11-02T18:00:00.000Z peter@gmail.com Petr PostgresInterval { hours: 1 } Service
[2022-10-31T21:25:11.663] [INFO] clockwiseLog - test
[2022-10-31T21:25:13.587] [INFO] clockwiseLog - 4 3 13 2022-11-02T18:00:00.000Z peter@gmail.com Petr PostgresInterval { hours: 1 } DAL layer
[2022-10-31T21:26:20.958] [INFO] clockwiseLog - Server listening on 3001
[2022-10-31T21:26:25.767] [INFO] clockwiseLog - 86 3 13 2022-11-02T18:00:00.000Z peter@gmail.com Petr PostgresInterval { hours: 1 } Service
[2022-10-31T21:26:25.767] [INFO] clockwiseLog - test
[2022-10-31T21:26:25.767] [INFO] clockwiseLog - 86 3 13 2022-11-02T18:00:00.000Z peter@gmail.com Petr PostgresInterval { hours: 1 } DAL layer
[2022-10-31T21:26:43.937] [INFO] clockwiseLog - 86 3 13 2022-11-02T18:00:00.000Z peter@gmail.com Petr PostgresInterval { hours: 1 } Service
[2022-10-31T21:26:43.937] [INFO] clockwiseLog - test
[2022-10-31T21:26:43.937] [INFO] clockwiseLog - 86 3 13 2022-11-02T18:00:00.000Z peter@gmail.com Petr PostgresInterval { hours: 1 } DAL layer
[2022-10-31T21:26:48.942] [INFO] clockwiseLog - 6 3 13 2022-11-02T18:00:00.000Z peter@gmail.com Petr PostgresInterval { hours: 1 } Service
[2022-10-31T21:26:48.942] [INFO] clockwiseLog - test
[2022-10-31T21:26:48.943] [INFO] clockwiseLog - 6 3 13 2022-11-02T18:00:00.000Z peter@gmail.com Petr PostgresInterval { hours: 1 } DAL layer
[2022-10-31T21:27:32.186] [INFO] clockwiseLog - 5 3 13 2022-11-02T18:00:00.000Z peter@gmail.com Petr PostgresInterval { hours: 1 } Service
[2022-10-31T21:27:32.186] [INFO] clockwiseLog - test
[2022-10-31T21:27:32.186] [INFO] clockwiseLog - 5 3 13 2022-11-02T18:00:00.000Z peter@gmail.com Petr PostgresInterval { hours: 1 } DAL layer
[2022-10-31T21:36:16.990] [INFO] clockwiseLog - [ Master { id: 4, name: 'Michael', rating: 2, cityList: undefined } ]
[2022-10-31T21:36:30.620] [INFO] clockwiseLog - 4 3 12 2022-11-02T17:00:00.000Z gala.tkachenko82@gmail.com Gala PostgresInterval { hours: 2 } Service
[2022-10-31T21:36:30.620] [INFO] clockwiseLog - test
[2022-10-31T21:36:30.620] [INFO] clockwiseLog - 4 3 12 2022-11-02T17:00:00.000Z gala.tkachenko82@gmail.com Gala PostgresInterval { hours: 2 } DAL layer
[2022-11-01T18:17:36.265] [INFO] clockwiseLog - Server listening on 3001
[2022-11-01T18:18:43.365] [INFO] clockwiseLog - [
  Master { id: 2, name: 'George', rating: 1, cityList: undefined },
  Master { id: 3, name: 'Robert', rating: 2, cityList: undefined },
  Master { id: 6, name: 'Peter', rating: 3, cityList: undefined }
]
[2022-11-01T18:18:55.311] [INFO] clockwiseLog - 6 4 13 2022-11-10T16:00:00.000Z fff@www.com George PostgresInterval { hours: 1 } Service
[2022-11-01T18:18:55.311] [INFO] clockwiseLog - test
[2022-11-01T18:18:55.311] [INFO] clockwiseLog - 6 4 13 2022-11-10T16:00:00.000Z fff@www.com George PostgresInterval { hours: 1 } DAL layer
[2022-11-01T18:26:09.110] [INFO] clockwiseLog - Server listening on 3001
[2022-11-01T18:26:14.055] [INFO] clockwiseLog - Server listening on 3001
[2022-11-01T18:26:16.681] [INFO] clockwiseLog - Server listening on 3001
[2022-11-01T18:26:20.183] [INFO] clockwiseLog - Server listening on 3001
[2022-11-01T18:38:17.643] [INFO] clockwiseLog - Server listening on 3001
[2022-11-01T18:38:19.916] [INFO] clockwiseLog - Server listening on 3001
[2022-11-01T18:39:25.731] [INFO] clockwiseLog - Server listening on 3001
[2022-11-01T18:39:39.295] [INFO] clockwiseLog - Server listening on 3001
[2022-11-01T18:39:42.823] [INFO] clockwiseLog - Server listening on 3001
[2022-11-01T18:39:44.624] [INFO] clockwiseLog - Server listening on 3001
[2022-11-01T18:39:47.628] [INFO] clockwiseLog - Server listening on 3001
[2022-11-01T18:49:56.539] [INFO] clockwiseLog - Server listening on 3001
[2022-11-01T18:49:58.937] [INFO] clockwiseLog - Server listening on 3001
[2022-11-01T18:50:01.307] [INFO] clockwiseLog - Server listening on 3001
[2022-11-01T18:50:05.284] [INFO] clockwiseLog - Server listening on 3001
[2022-11-01T18:50:12.008] [INFO] clockwiseLog - Server listening on 3001
[2022-11-01T18:50:17.375] [INFO] clockwiseLog - 2 4 13 2022-11-10T16:00:00.000Z fff@www.com George PostgresInterval { hours: 1 } Service
[2022-11-01T18:50:17.375] [INFO] clockwiseLog - test
[2022-11-01T18:50:17.375] [INFO] clockwiseLog - 2 4 13 2022-11-10T16:00:00.000Z fff@www.com George PostgresInterval { hours: 1 } DAL layer
[2022-11-01T18:50:27.950] [INFO] clockwiseLog - Server listening on 3001
[2022-11-01T18:50:30.995] [INFO] clockwiseLog - Server listening on 3001
[2022-11-01T18:53:08.909] [INFO] clockwiseLog - Server listening on 3001
[2022-11-01T19:06:24.790] [INFO] clockwiseLog - Server listening on 3001
[2022-11-01T19:11:32.953] [INFO] clockwiseLog - [
  Master { id: 2, name: 'George', rating: 1, cityList: undefined },
  Master { id: 3, name: 'Robert', rating: 2, cityList: undefined },
  Master { id: 6, name: 'Peter', rating: 3, cityList: undefined }
]
[2022-11-01T19:40:15.894] [INFO] clockwiseLog - 6 4 14 2022-11-18T14:00:00.000Z naic@gmail.com Nick PostgresInterval { hours: 3 } Service
[2022-11-01T19:40:15.894] [INFO] clockwiseLog - test
[2022-11-01T19:40:15.894] [INFO] clockwiseLog - 6 4 14 2022-11-18T14:00:00.000Z naic@gmail.com Nick PostgresInterval { hours: 3 } DAL layer
[2022-11-01T19:42:22.009] [INFO] clockwiseLog - [
  Master { id: 4, name: 'Michael', rating: 2, cityList: undefined },
  Master { id: 5, name: 'Alex', rating: 3, cityList: undefined },
  Master { id: 6, name: 'Peter', rating: 3, cityList: undefined },
  Master { id: 86, name: 'Fred', rating: 3, cityList: undefined }
]
[2022-11-01T19:42:34.225] [INFO] clockwiseLog - 5 3 12 2022-11-23T15:00:00.000Z naic@gmail.com Nick PostgresInterval { hours: 2 } Service
[2022-11-01T19:42:34.225] [INFO] clockwiseLog - test
[2022-11-01T19:42:34.225] [INFO] clockwiseLog - 5 3 12 2022-11-23T15:00:00.000Z naic@gmail.com Nick PostgresInterval { hours: 2 } DAL layer
[2022-11-01T19:43:48.758] [INFO] clockwiseLog - Server listening on 3001
[2022-11-01T19:43:58.023] [INFO] clockwiseLog - Server listening on 3001
[2022-11-01T19:44:30.918] [INFO] clockwiseLog - [
  Master { id: 4, name: 'Michael', rating: 2, cityList: undefined },
  Master { id: 5, name: 'Alex', rating: 3, cityList: undefined },
  Master { id: 6, name: 'Peter', rating: 3, cityList: undefined },
  Master { id: 86, name: 'Fred', rating: 3, cityList: undefined }
]
[2022-11-01T19:44:33.567] [INFO] clockwiseLog - 6 3 13 2022-11-18T19:00:00.000Z ikarus256@gmail.com www PostgresInterval { hours: 1 } Service
[2022-11-01T19:44:33.567] [INFO] clockwiseLog - test
[2022-11-01T19:44:33.567] [INFO] clockwiseLog - 6 3 13 2022-11-18T19:00:00.000Z ikarus256@gmail.com www PostgresInterval { hours: 1 } DAL layer
[2022-11-01T19:48:36.253] [INFO] clockwiseLog - 6 3 13 2022-11-18T19:00:00.000Z ikarus256@gmail.com www PostgresInterval { hours: 1 } Service
[2022-11-01T19:48:36.254] [INFO] clockwiseLog - test
[2022-11-01T19:48:36.254] [INFO] clockwiseLog - 6 3 13 2022-11-18T19:00:00.000Z ikarus256@gmail.com www PostgresInterval { hours: 1 } DAL layer
[2022-11-01T19:48:37.173] [INFO] clockwiseLog - 6 3 13 2022-11-18T19:00:00.000Z ikarus256@gmail.com www PostgresInterval { hours: 1 } Service
[2022-11-01T19:48:37.174] [INFO] clockwiseLog - test
[2022-11-01T19:48:37.174] [INFO] clockwiseLog - 6 3 13 2022-11-18T19:00:00.000Z ikarus256@gmail.com www PostgresInterval { hours: 1 } DAL layer
[2022-11-01T19:48:37.183] [ERROR] clockwiseLog - createOrder failed with reason: Key (master_id, booking_date_time)=(6, 2022-11-18 19:00:00) already exists.
